Heap:
 PSYoungGen      total 45568K, used 2735K [0x00000000d5d00000, 0x00000000d9680000, 0x0000000100000000)
  eden space 32256K, 7% used [0x00000000d5d00000,0x00000000d5f83e08,0x00000000d7c80000)
  from space 13312K, 1% used [0x00000000d7c80000,0x00000000d7ca8000,0x00000000d8980000)
  to   space 12288K, 0% used [0x00000000d8a80000,0x00000000d8a80000,0x00000000d9680000)
 ParOldGen       total 87552K, used 21715K [0x0000000081600000, 0x0000000086b80000, 0x00000000d5d00000)
  object space 87552K, 24% used [0x0000000081600000,0x0000000082b34d68,0x0000000086b80000)
 Metaspace       used 12961K, capacity 13178K, committed 13440K, reserved 1060864K
  class space    used 1564K, capacity 1620K, committed 1664K, reserved 1048576K
GC Heap History (10 events):
Event: 955.306 GC heap before
{Heap before GC invocations=3 (full 0):
 PSYoungGen      total 38400K, used 38380K [0x00000000d5d00000, 0x00000000d8780000, 0x0000000100000000)
  eden space 33280K, 100% used [0x00000000d5d00000,0x00000000d7d80000,0x00000000d7d80000)
  from space 5120K, 99% used [0x00000000d8280000,0x00000000d877b1b8,0x00000000d8780000)
  to   space 5120K, 0% used [0x00000000d7d80000,0x00000000d7d80000,0x00000000d8280000)
 ParOldGen       total 87552K, used 9034K [0x0000000081600000, 0x0000000086b80000, 0x00000000d5d00000)
  object space 87552K, 10% used [0x0000000081600000,0x0000000081ed2b80,0x0000000086b80000)
 Metaspace       used 12961K, capacity 13178K, committed 13440K, reserved 1060864K
  class space    used 1564K, capacity 1620K, committed 1664K, reserved 1048576K
Event: 955.312 GC heap after
Heap after GC invocations=3 (full 0):
 PSYoungGen      total 38400K, used 5068K [0x00000000d5d00000, 0x00000000d8780000, 0x0000000100000000)
  eden space 33280K, 0% used [0x00000000d5d00000,0x00000000d5d00000,0x00000000d7d80000)
  from space 5120K, 98% used [0x00000000d7d80000,0x00000000d82731b8,0x00000000d8280000)
  to   space 5120K, 0% used [0x00000000d8280000,0x00000000d8280000,0x00000000d8780000)
 ParOldGen       total 87552K, used 12858K [0x0000000081600000, 0x0000000086b80000, 0x00000000d5d00000)
  object space 87552K, 14% used [0x0000000081600000,0x000000008228e858,0x0000000086b80000)
 Metaspace       used 12961K, capacity 13178K, committed 13440K, reserved 1060864K
  class space    used 1564K, capacity 1620K, committed 1664K, reserved 1048576K
}
Event: 1336.643 GC heap before
{Heap before GC invocations=4 (full 0):
 PSYoungGen      total 38400K, used 38348K [0x00000000d5d00000, 0x00000000d8780000, 0x0000000100000000)
  eden space 33280K, 100% used [0x00000000d5d00000,0x00000000d7d80000,0x00000000d7d80000)
  from space 5120K, 98% used [0x00000000d7d80000,0x00000000d82731b8,0x00000000d8280000)
  to   space 5120K, 0% used [0x00000000d8280000,0x00000000d8280000,0x00000000d8780000)
 ParOldGen       total 87552K, used 12858K [0x0000000081600000, 0x0000000086b80000, 0x00000000d5d00000)
  object space 87552K, 14% used [0x0000000081600000,0x000000008228e858,0x0000000086b80000)
 Metaspace       used 12961K, capacity 13178K, committed 13440K, reserved 1060864K
  class space    used 1564K, capacity 1620K, committed 1664K, reserved 1048576K
Event: 1336.650 GC heap after
Heap after GC invocations=4 (full 0):
 PSYoungGen      total 38400K, used 5100K [0x00000000d5d00000, 0x00000000d8780000, 0x0000000100000000)
  eden space 33280K, 0% used [0x00000000d5d00000,0x00000000d5d00000,0x00000000d7d80000)
  from space 5120K, 99% used [0x00000000d8280000,0x00000000d877b1b8,0x00000000d8780000)
  to   space 5120K, 0% used [0x00000000d7d80000,0x00000000d7d80000,0x00000000d8280000)
 ParOldGen       total 87552K, used 16697K [0x0000000081600000, 0x0000000086b80000, 0x00000000d5d00000)
  object space 87552K, 19% used [0x0000000081600000,0x000000008264e540,0x0000000086b80000)
 Metaspace       used 12961K, capacity 13178K, committed 13440K, reserved 1060864K
  class space    used 1564K, capacity 1620K, committed 1664K, reserved 1048576K
}
Event: 1719.024 GC heap before
{Heap before GC invocations=5 (full 0):
 PSYoungGen      total 38400K, used 38380K [0x00000000d5d00000, 0x00000000d8780000, 0x0000000100000000)
  eden space 33280K, 100% used [0x00000000d5d00000,0x00000000d7d80000,0x00000000d7d80000)
  from space 5120K, 99% used [0x00000000d8280000,0x00000000d877b1b8,0x00000000d8780000)
  to   space 5120K, 0% used [0x00000000d7d80000,0x00000000d7d80000,0x00000000d8280000)
 ParOldGen       total 87552K, used 16697K [0x0000000081600000, 0x0000000086b80000, 0x00000000d5d00000)
  object space 87552K, 19% used [0x0000000081600000,0x000000008264e540,0x0000000086b80000)
 Metaspace       used 12961K, capacity 13178K, committed 13440K, reserved 1060864K
  class space    used 1564K, capacity 1620K, committed 1664K, reserved 1048576K
Event: 1719.080 GC heap after
Heap after GC invocations=5 (full 0):
 PSYoungGen      total 37888K, used 5100K [0x00000000d5d00000, 0x00000000d9800000, 0x0000000100000000)
  eden space 32768K, 0% used [0x00000000d5d00000,0x00000000d5d00000,0x00000000d7d00000)
  from space 5120K, 99% used [0x00000000d7d80000,0x00000000d827b1b8,0x00000000d8280000)
  to   space 13824K, 0% used [0x00000000d8a80000,0x00000000d8a80000,0x00000000d9800000)
 ParOldGen       total 87552K, used 16705K [0x0000000081600000, 0x0000000086b80000, 0x00000000d5d00000)
  object space 87552K, 19% used [0x0000000081600000,0x0000000082650540,0x0000000086b80000)
 Metaspace       used 12961K, capacity 13178K, committed 13440K, reserved 1060864K
  class space    used 1564K, capacity 1620K, committed 1664K, reserved 1048576K
}
Event: 2095.655 GC heap before
{Heap before GC invocations=6 (full 0):
 PSYoungGen      total 37888K, used 37868K [0x00000000d5d00000, 0x00000000d9800000, 0x0000000100000000)
  eden space 32768K, 100% used [0x00000000d5d00000,0x00000000d7d00000,0x00000000d7d00000)
  from space 5120K, 99% used [0x00000000d7d80000,0x00000000d827b1b8,0x00000000d8280000)
  to   space 13824K, 0% used [0x00000000d8a80000,0x00000000d8a80000,0x00000000d9800000)
 ParOldGen       total 87552K, used 16705K [0x0000000081600000, 0x0000000086b80000, 0x00000000d5d00000)
  object space 87552K, 19% used [0x0000000081600000,0x0000000082650540,0x0000000086b80000)
 Metaspace       used 12961K, capacity 13178K, committed 13440K, reserved 1060864K
  class space    used 1564K, capacity 1620K, committed 1664K, reserved 1048576K
Event: 2095.747 GC heap after
Heap after GC invocations=6 (full 0):
 PSYoungGen      total 44544K, used 5164K [0x00000000d5d00000, 0x00000000d9680000, 0x0000000100000000)
  eden space 32256K, 0% used [0x00000000d5d00000,0x00000000d5d00000,0x00000000d7c80000)
  from space 12288K, 42% used [0x00000000d8a80000,0x00000000d8f8b1b8,0x00000000d9680000)
  to   space 13312K, 0% used [0x00000000d7c80000,0x00000000d7c80000,0x00000000d8980000)
 ParOldGen       total 87552K, used 16705K [0x0000000081600000, 0x0000000086b80000, 0x00000000d5d00000)
  object space 87552K, 19% used [0x0000000081600000,0x0000000082650540,0x0000000086b80000)
 Metaspace       used 12961K, capacity 13178K, committed 13440K, reserved 1060864K
  class space    used 1564K, capacity 1620K, committed 1664K, reserved 1048576K
}
Event: 3058.443 GC heap before
Event: 3085.629 GC heap after
Heap after GC invocations=7 (full 0):
 PSYoungGen      total 45568K, used 160K [0x00000000d5d00000, 0x00000000d9680000, 0x0000000100000000)
  eden space 32256K, 0% used [0x00000000d5d00000,0x00000000d5d00000,0x00000000d7c80000)
  from space 13312K, 1% used [0x00000000d7c80000,0x00000000d7ca8000,0x00000000d8980000)
  to   space 12288K, 0% used [0x00000000d8a80000,0x00000000d8a80000,0x00000000d9680000)
 ParOldGen       total 87552K, used 21715K [0x0000000081600000, 0x0000000086b80000, 0x00000000d5d00000)
  object space 87552K, 24% used [0x0000000081600000,0x0000000082b34d68,0x0000000086b80000)
 Metaspace       used 12961K, capacity 13178K, committed 13440K, reserved 1060864K
  class space    used 1564K, capacity 1620K, committed 1664K, reserved 1048576K
}

