# JRE version: Java(TM) SE Runtime Environment (8.0_121-b13) (build 1.8.0_121-b13)
# Java VM: Java HotSpot(TM) 64-Bit Server VM (25.121-b13 mixed mode windows-amd64 compressed oops)
Heap:
 PSYoungGen      total 29184K, used 23484K [0x00000000d5d00000, 0x00000000d8200000, 0x0000000100000000)
  eden space 28672K, 81% used [0x00000000d5d00000,0x00000000d73df1d8,0x00000000d7900000)
  from space 512K, 12% used [0x00000000d7980000,0x00000000d7990000,0x00000000d7a00000)
  to   space 4608K, 0% used [0x00000000d7d80000,0x00000000d7d80000,0x00000000d8200000)
 ParOldGen       total 87552K, used 30736K [0x0000000081600000, 0x0000000086b80000, 0x00000000d5d00000)
  object space 87552K, 35% used [0x0000000081600000,0x00000000834043a8,0x0000000086b80000)
 Metaspace       used 13149K, capacity 13310K, committed 13696K, reserved 1060864K
  class space    used 1541K, capacity 1612K, committed 1664K, reserved 1048576K
GC Heap History (10 events):
Event: 2885.096 GC heap before
{Heap before GC invocations=9 (full 0):
 PSYoungGen      total 35840K, used 31392K [0x00000000d5d00000, 0x00000000d8580000, 0x0000000100000000)
  eden space 31232K, 100% used [0x00000000d5d00000,0x00000000d7b80000,0x00000000d7b80000)
  from space 4608K, 3% used [0x00000000d8080000,0x00000000d80a8000,0x00000000d8500000)
  to   space 5120K, 0% used [0x00000000d7b80000,0x00000000d7b80000,0x00000000d8080000)
 ParOldGen       total 87552K, used 30664K [0x0000000081600000, 0x0000000086b80000, 0x00000000d5d00000)
  object space 87552K, 35% used [0x0000000081600000,0x00000000833f23a8,0x0000000086b80000)
 Metaspace       used 13148K, capacity 13310K, committed 13696K, reserved 1060864K
  class space    used 1541K, capacity 1612K, committed 1664K, reserved 1048576K
Event: 2885.120 GC heap after
Heap after GC invocations=9 (full 0):
 PSYoungGen      total 31232K, used 64K [0x00000000d5d00000, 0x00000000d8500000, 0x0000000100000000)
  eden space 30720K, 0% used [0x00000000d5d00000,0x00000000d5d00000,0x00000000d7b00000)
  from space 512K, 12% used [0x00000000d7b80000,0x00000000d7b90000,0x00000000d7c00000)
  to   space 5120K, 0% used [0x00000000d8000000,0x00000000d8000000,0x00000000d8500000)
 ParOldGen       total 87552K, used 30680K [0x0000000081600000, 0x0000000086b80000, 0x00000000d5d00000)
  object space 87552K, 35% used [0x0000000081600000,0x00000000833f63a8,0x0000000086b80000)
 Metaspace       used 13148K, capacity 13310K, committed 13696K, reserved 1060864K
  class space    used 1541K, capacity 1612K, committed 1664K, reserved 1048576K
}
Event: 3235.551 GC heap before
{Heap before GC invocations=10 (full 0):
 PSYoungGen      total 31232K, used 30784K [0x00000000d5d00000, 0x00000000d8500000, 0x0000000100000000)
  eden space 30720K, 100% used [0x00000000d5d00000,0x00000000d7b00000,0x00000000d7b00000)
  from space 512K, 12% used [0x00000000d7b80000,0x00000000d7b90000,0x00000000d7c00000)
  to   space 5120K, 0% used [0x00000000d8000000,0x00000000d8000000,0x00000000d8500000)
 ParOldGen       total 87552K, used 30680K [0x0000000081600000, 0x0000000086b80000, 0x00000000d5d00000)
  object space 87552K, 35% used [0x0000000081600000,0x00000000833f63a8,0x0000000086b80000)
 Metaspace       used 13149K, capacity 13310K, committed 13696K, reserved 1060864K
  class space    used 1541K, capacity 1612K, committed 1664K, reserved 1048576K
Event: 3235.609 GC heap after
Heap after GC invocations=10 (full 0):
 PSYoungGen      total 34816K, used 128K [0x00000000d5d00000, 0x00000000d8480000, 0x0000000100000000)
  eden space 30208K, 0% used [0x00000000d5d00000,0x00000000d5d00000,0x00000000d7a80000)
  from space 4608K, 2% used [0x00000000d8000000,0x00000000d8020000,0x00000000d8480000)
  to   space 5120K, 0% used [0x00000000d7a80000,0x00000000d7a80000,0x00000000d7f80000)
 ParOldGen       total 87552K, used 30688K [0x0000000081600000, 0x0000000086b80000, 0x00000000d5d00000)
  object space 87552K, 35% used [0x0000000081600000,0x00000000833f83a8,0x0000000086b80000)
 Metaspace       used 13149K, capacity 13310K, committed 13696K, reserved 1060864K
  class space    used 1541K, capacity 1612K, committed 1664K, reserved 1048576K
}
Event: 3577.992 GC heap before
{Heap before GC invocations=11 (full 0):
 PSYoungGen      total 34816K, used 30336K [0x00000000d5d00000, 0x00000000d8480000, 0x0000000100000000)
  eden space 30208K, 100% used [0x00000000d5d00000,0x00000000d7a80000,0x00000000d7a80000)
  from space 4608K, 2% used [0x00000000d8000000,0x00000000d8020000,0x00000000d8480000)
  to   space 5120K, 0% used [0x00000000d7a80000,0x00000000d7a80000,0x00000000d7f80000)
 ParOldGen       total 87552K, used 30688K [0x0000000081600000, 0x0000000086b80000, 0x00000000d5d00000)
  object space 87552K, 35% used [0x0000000081600000,0x00000000833f83a8,0x0000000086b80000)
 Metaspace       used 13149K, capacity 13310K, committed 13696K, reserved 1060864K
  class space    used 1541K, capacity 1612K, committed 1664K, reserved 1048576K
Event: 3578.024 GC heap after
Heap after GC invocations=11 (full 0):
 PSYoungGen      total 30208K, used 96K [0x00000000d5d00000, 0x00000000d8400000, 0x0000000100000000)
  eden space 29696K, 0% used [0x00000000d5d00000,0x00000000d5d00000,0x00000000d7a00000)
  from space 512K, 18% used [0x00000000d7a80000,0x00000000d7a98000,0x00000000d7b00000)
  to   space 5120K, 0% used [0x00000000d7f00000,0x00000000d7f00000,0x00000000d8400000)
 ParOldGen       total 87552K, used 30712K [0x0000000081600000, 0x0000000086b80000, 0x00000000d5d00000)
  object space 87552K, 35% used [0x0000000081600000,0x00000000833fe3a8,0x0000000086b80000)
 Metaspace       used 13149K, capacity 13310K, committed 13696K, reserved 1060864K
  class space    used 1541K, capacity 1612K, committed 1664K, reserved 1048576K
}
Event: 3917.454 GC heap before
{Heap before GC invocations=12 (full 0):
 PSYoungGen      total 30208K, used 29792K [0x00000000d5d00000, 0x00000000d8400000, 0x0000000100000000)
  eden space 29696K, 100% used [0x00000000d5d00000,0x00000000d7a00000,0x00000000d7a00000)
  from space 512K, 18% used [0x00000000d7a80000,0x00000000d7a98000,0x00000000d7b00000)
  to   space 5120K, 0% used [0x00000000d7f00000,0x00000000d7f00000,0x00000000d8400000)
 ParOldGen       total 87552K, used 30712K [0x0000000081600000, 0x0000000086b80000, 0x00000000d5d00000)
  object space 87552K, 35% used [0x0000000081600000,0x00000000833fe3a8,0x0000000086b80000)
 Metaspace       used 13149K, capacity 13310K, committed 13696K, reserved 1060864K
  class space    used 1541K, capacity 1612K, committed 1664K, reserved 1048576K
Event: 3917.521 GC heap after
Heap after GC invocations=12 (full 0):
 PSYoungGen      total 33792K, used 128K [0x00000000d5d00000, 0x00000000d8380000, 0x0000000100000000)
  eden space 29184K, 0% used [0x00000000d5d00000,0x00000000d5d00000,0x00000000d7980000)
  from space 4608K, 2% used [0x00000000d7f00000,0x00000000d7f20000,0x00000000d8380000)
  to   space 5120K, 0% used [0x00000000d7980000,0x00000000d7980000,0x00000000d7e80000)
 ParOldGen       total 87552K, used 30728K [0x0000000081600000, 0x0000000086b80000, 0x00000000d5d00000)
  object space 87552K, 35% used [0x0000000081600000,0x00000000834023a8,0x0000000086b80000)
 Metaspace       used 13149K, capacity 13310K, committed 13696K, reserved 1060864K
  class space    used 1541K, capacity 1612K, committed 1664K, reserved 1048576K
}
Event: 4252.004 GC heap before
{Heap before GC invocations=13 (full 0):
 PSYoungGen      total 33792K, used 29312K [0x00000000d5d00000, 0x00000000d8380000, 0x0000000100000000)
  eden space 29184K, 100% used [0x00000000d5d00000,0x00000000d7980000,0x00000000d7980000)
  from space 4608K, 2% used [0x00000000d7f00000,0x00000000d7f20000,0x00000000d8380000)
  to   space 5120K, 0% used [0x00000000d7980000,0x00000000d7980000,0x00000000d7e80000)
 ParOldGen       total 87552K, used 30728K [0x0000000081600000, 0x0000000086b80000, 0x00000000d5d00000)
  object space 87552K, 35% used [0x0000000081600000,0x00000000834023a8,0x0000000086b80000)
 Metaspace       used 13149K, capacity 13310K, committed 13696K, reserved 1060864K
  class space    used 1541K, capacity 1612K, committed 1664K, reserved 1048576K
Event: 4252.260 GC heap after
Heap after GC invocations=13 (full 0):
 PSYoungGen      total 29184K, used 64K [0x00000000d5d00000, 0x00000000d8200000, 0x0000000100000000)
  eden space 28672K, 0% used [0x00000000d5d00000,0x00000000d5d00000,0x00000000d7900000)
  from space 512K, 12% used [0x00000000d7980000,0x00000000d7990000,0x00000000d7a00000)
  to   space 4608K, 0% used [0x00000000d7d80000,0x00000000d7d80000,0x00000000d8200000)
 ParOldGen       total 87552K, used 30736K [0x0000000081600000, 0x0000000086b80000, 0x00000000d5d00000)
  object space 87552K, 35% used [0x0000000081600000,0x00000000834043a8,0x0000000086b80000)
 Metaspace       used 13149K, capacity 13310K, committed 13696K, reserved 1060864K
  class space    used 1541K, capacity 1612K, committed 1664K, reserved 1048576K
}

